<?xml version="1.0" encoding="UTF-8"?>
<!-- Generated by org.testng.reporters.JUnitReportReporter -->
<testsuite name="com.learnautomation.testcases.LoginTestHAL" tests="1" time="1.749" ignored="0" failures="0" timestamp="07 Jun 2021 18:27:26 GMT" skipped="0" hostname="DESKTOP-85ELAF0" errors="0">
  <testcase name="LoginTest" time="1.749" classname="com.learnautomation.testcases.LoginTestHAL"/>
</testsuite> <!-- com.learnautomation.testcases.LoginTestHAL -->
